# JRE version: OpenJDK Runtime Environment JBR-17.0.5+7-469.71-jcef (17.0.5+7) (build 17.0.5+7-b469.71)
# Java VM: OpenJDK 64-Bit Server VM JBR-17.0.5+7-469.71-jcef (17.0.5+7-b469.71, mixed mode, tiered, compressed oops, compressed class ptrs, g1 gc, bsd-amd64)
GC Precious Log:
 CPUs: 4 total, 4 available
 Memory: 4096M
 Large Page Support: Disabled
 NUMA Support: Disabled
 Compressed Oops: Enabled (Zero based)
 Heap Region Size: 1M
 Heap Min Capacity: 128M
 Heap Initial Capacity: 128M
 Heap Max Capacity: 750M
 Pre-touch: Disabled
 Parallel Workers: 4
 Concurrent Workers: 1
 Concurrent Refinement Workers: 4
 Periodic GC: Disabled
Heap:
 garbage-first heap   total 425984K, used 167247K [0x00000007d1200000, 0x0000000800000000)
  region size 1024K, 18 young (18432K), 2 survivors (2048K)
 Metaspace       used 126483K, committed 127744K, reserved 1163264K
  class space    used 15269K, committed 15872K, reserved 1048576K
GC Heap History (20 events):
Event: 4125.439 GC heap before
{Heap before GC invocations=141 (full 0):
 garbage-first heap   total 425984K, used 376217K [0x00000007d1200000, 0x0000000800000000)
  region size 1024K, 223 young (228352K), 3 survivors (3072K)
 Metaspace       used 126479K, committed 127744K, reserved 1163264K
  class space    used 15269K, committed 15872K, reserved 1048576K
}
Event: 4125.469 GC heap after
{Heap after GC invocations=142 (full 0):
 garbage-first heap   total 425984K, used 152004K [0x00000007d1200000, 0x0000000800000000)
  region size 1024K, 3 young (3072K), 3 survivors (3072K)
 Metaspace       used 126479K, committed 127744K, reserved 1163264K
  class space    used 15269K, committed 15872K, reserved 1048576K
}
Event: 4161.629 GC heap before
{Heap before GC invocations=142 (full 0):
 garbage-first heap   total 425984K, used 377284K [0x00000007d1200000, 0x0000000800000000)
  region size 1024K, 223 young (228352K), 3 survivors (3072K)
 Metaspace       used 126479K, committed 127744K, reserved 1163264K
  class space    used 15269K, committed 15872K, reserved 1048576K
}
Event: 4161.664 GC heap after
{Heap after GC invocations=143 (full 0):
 garbage-first heap   total 425984K, used 151909K [0x00000007d1200000, 0x0000000800000000)
  region size 1024K, 3 young (3072K), 3 survivors (3072K)
 Metaspace       used 126479K, committed 127744K, reserved 1163264K
  class space    used 15269K, committed 15872K, reserved 1048576K
}
Event: 4197.653 GC heap before
{Heap before GC invocations=143 (full 0):
 garbage-first heap   total 425984K, used 377189K [0x00000007d1200000, 0x0000000800000000)
  region size 1024K, 223 young (228352K), 3 survivors (3072K)
 Metaspace       used 126479K, committed 127744K, reserved 1163264K
  class space    used 15269K, committed 15872K, reserved 1048576K
}
Event: 4197.662 GC heap after
{Heap after GC invocations=144 (full 0):
 garbage-first heap   total 425984K, used 151848K [0x00000007d1200000, 0x0000000800000000)
  region size 1024K, 3 young (3072K), 3 survivors (3072K)
 Metaspace       used 126479K, committed 127744K, reserved 1163264K
  class space    used 15269K, committed 15872K, reserved 1048576K
}
Event: 4233.309 GC heap before
{Heap before GC invocations=144 (full 0):
 garbage-first heap   total 425984K, used 377128K [0x00000007d1200000, 0x0000000800000000)
  region size 1024K, 223 young (228352K), 3 survivors (3072K)
 Metaspace       used 126479K, committed 127744K, reserved 1163264K
  class space    used 15269K, committed 15872K, reserved 1048576K
}
Event: 4233.328 GC heap after
{Heap after GC invocations=145 (full 0):
 garbage-first heap   total 425984K, used 152011K [0x00000007d1200000, 0x0000000800000000)
  region size 1024K, 3 young (3072K), 3 survivors (3072K)
 Metaspace       used 126479K, committed 127744K, reserved 1163264K
  class space    used 15269K, committed 15872K, reserved 1048576K
}
Event: 4269.170 GC heap before
{Heap before GC invocations=145 (full 0):
 garbage-first heap   total 425984K, used 377291K [0x00000007d1200000, 0x0000000800000000)
  region size 1024K, 223 young (228352K), 3 survivors (3072K)
 Metaspace       used 126483K, committed 127744K, reserved 1163264K
  class space    used 15269K, committed 15872K, reserved 1048576K
}
Event: 4269.180 GC heap after
{Heap after GC invocations=146 (full 0):
 garbage-first heap   total 425984K, used 151937K [0x00000007d1200000, 0x0000000800000000)
  region size 1024K, 3 young (3072K), 3 survivors (3072K)
 Metaspace       used 126483K, committed 127744K, reserved 1163264K
  class space    used 15269K, committed 15872K, reserved 1048576K
}
Event: 4305.103 GC heap before
{Heap before GC invocations=146 (full 0):
 garbage-first heap   total 425984K, used 377217K [0x00000007d1200000, 0x0000000800000000)
  region size 1024K, 223 young (228352K), 3 survivors (3072K)
 Metaspace       used 126483K, committed 127744K, reserved 1163264K
  class space    used 15269K, committed 15872K, reserved 1048576K
}
Event: 4305.117 GC heap after
{Heap after GC invocations=147 (full 0):
 garbage-first heap   total 425984K, used 152087K [0x00000007d1200000, 0x0000000800000000)
  region size 1024K, 3 young (3072K), 3 survivors (3072K)
 Metaspace       used 126483K, committed 127744K, reserved 1163264K
  class space    used 15269K, committed 15872K, reserved 1048576K
}
Event: 4340.747 GC heap before
{Heap before GC invocations=147 (full 0):
 garbage-first heap   total 425984K, used 376343K [0x00000007d1200000, 0x0000000800000000)
  region size 1024K, 222 young (227328K), 3 survivors (3072K)
 Metaspace       used 126483K, committed 127744K, reserved 1163264K
  class space    used 15269K, committed 15872K, reserved 1048576K
}
Event: 4340.759 GC heap after
{Heap after GC invocations=148 (full 0):
 garbage-first heap   total 425984K, used 151987K [0x00000007d1200000, 0x0000000800000000)
  region size 1024K, 3 young (3072K), 3 survivors (3072K)
 Metaspace       used 126483K, committed 127744K, reserved 1163264K
  class space    used 15269K, committed 15872K, reserved 1048576K
}
Event: 4376.555 GC heap before
{Heap before GC invocations=148 (full 0):
 garbage-first heap   total 425984K, used 376243K [0x00000007d1200000, 0x0000000800000000)
  region size 1024K, 222 young (227328K), 3 survivors (3072K)
 Metaspace       used 126483K, committed 127744K, reserved 1163264K
  class space    used 15269K, committed 15872K, reserved 1048576K
}
Event: 4376.566 GC heap after
{Heap after GC invocations=149 (full 0):
 garbage-first heap   total 425984K, used 151986K [0x00000007d1200000, 0x0000000800000000)
  region size 1024K, 3 young (3072K), 3 survivors (3072K)
 Metaspace       used 126483K, committed 127744K, reserved 1163264K
  class space    used 15269K, committed 15872K, reserved 1048576K
}
Event: 4412.382 GC heap before
{Heap before GC invocations=149 (full 0):
 garbage-first heap   total 425984K, used 376242K [0x00000007d1200000, 0x0000000800000000)
  region size 1024K, 222 young (227328K), 3 survivors (3072K)
 Metaspace       used 126483K, committed 127744K, reserved 1163264K
  class space    used 15269K, committed 15872K, reserved 1048576K
}
Event: 4412.393 GC heap after
{Heap after GC invocations=150 (full 0):
 garbage-first heap   total 425984K, used 151986K [0x00000007d1200000, 0x0000000800000000)
  region size 1024K, 3 young (3072K), 3 survivors (3072K)
 Metaspace       used 126483K, committed 127744K, reserved 1163264K
  class space    used 15269K, committed 15872K, reserved 1048576K
}
Event: 4448.058 GC heap before
{Heap before GC invocations=150 (full 0):
 garbage-first heap   total 425984K, used 376242K [0x00000007d1200000, 0x0000000800000000)
  region size 1024K, 222 young (227328K), 3 survivors (3072K)
 Metaspace       used 126483K, committed 127744K, reserved 1163264K
  class space    used 15269K, committed 15872K, reserved 1048576K
}
Event: 4448.072 GC heap after
{Heap after GC invocations=151 (full 0):
 garbage-first heap   total 425984K, used 151887K [0x00000007d1200000, 0x0000000800000000)
  region size 1024K, 2 young (2048K), 2 survivors (2048K)
 Metaspace       used 126483K, committed 127744K, reserved 1163264K
  class space    used 15269K, committed 15872K, reserved 1048576K
}

